pdf_drawer/build/intermediates/manifest_merge_blame_file/debug/manifest-merger-blame-debug-report.txt
1<?xml version="1.0" encoding="utf-8"?>
2<manifest xmlns:android="http://schemas.android.com/apk/res/android"
3    package="com.cgogolin.penandpdf"
4    android:installLocation="auto"
5    android:versionCode="67"
6    android:versionName="1.3.6" > <!-- For printing with clound print -->
7    <uses-sdk
7-->src\main\AndroidManifest.xml:12:3-72
8        android:minSdkVersion="19"
8-->src\main\AndroidManifest.xml:12:13-39
9        android:targetSdkVersion="30" />
9-->src\main\AndroidManifest.xml:12:40-69
10
11    <permission android:name="com.cgogolin.penandpdf.LAUNCH_PEN_AND_PDF_FILE_CHOOSER" />
11-->src\main\AndroidManifest.xml:7:3-87
11-->src\main\AndroidManifest.xml:7:15-84
12
13    <uses-permission android:name="android.permission.WRITE_EXTERNAL_STORAGE" />
13-->src\main\AndroidManifest.xml:8:3-79
13-->src\main\AndroidManifest.xml:8:20-76
14    <uses-permission android:name="android.permission.READ_EXTERNAL_STORAGE" />
14-->src\main\AndroidManifest.xml:9:3-78
14-->src\main\AndroidManifest.xml:9:20-75
15    <uses-permission android:name="com.cgogolin.penandpdf.LAUNCH_PEN_AND_PDF_FILE_CHOOSER" />
15-->src\main\AndroidManifest.xml:10:3-92
15-->src\main\AndroidManifest.xml:10:20-89
16    <uses-permission android:name="android.permission.INTERNET" />
16-->src\main\AndroidManifest.xml:11:3-65
16-->src\main\AndroidManifest.xml:11:20-62
17
18    <supports-screens
18-->src\main\AndroidManifest.xml:13:3-17:34
19        android:anyDensity="true"
19-->src\main\AndroidManifest.xml:17:6-31
20        android:largeScreens="true"
20-->src\main\AndroidManifest.xml:16:6-33
21        android:normalScreens="true"
21-->src\main\AndroidManifest.xml:15:6-34
22        android:smallScreens="true" />
22-->src\main\AndroidManifest.xml:14:6-33
23
24    <application
24-->src\main\AndroidManifest.xml:18:3-100:17
25        android:allowBackup="false"
25-->src\main\AndroidManifest.xml:21:3-30
26        android:appComponentFactory="androidx.core.app.CoreComponentFactory"
26-->[androidx.core:core:1.5.0] AndroidManifest.xml:24:18-86
27        android:debuggable="true"
28        android:hardwareAccelerated="true"
28-->src\main\AndroidManifest.xml:23:6-40
29        android:icon="@mipmap/ic_launcher"
29-->src\main\AndroidManifest.xml:20:6-40
30        android:label="@string/app_name"
30-->src\main\AndroidManifest.xml:19:6-38
31        android:resizeableActivity="true"
31-->src\main\AndroidManifest.xml:22:3-36
32        android:testOnly="true" >
33        <activity
33-->src\main\AndroidManifest.xml:24:5-36:16
34            android:name="com.cgogolin.penandpdf.PenAndPDFFileChooser"
34-->src\main\AndroidManifest.xml:25:8-43
35            android:label="@string/app_name"
35-->src\main\AndroidManifest.xml:27:8-40
36            android:launchMode="standard"
36-->src\main\AndroidManifest.xml:28:8-37
37            android:permission="com.cgogolin.penandpdf.LAUNCH_PEN_AND_PDF_FILE_CHOOSER"
37-->src\main\AndroidManifest.xml:29:8-83
38            android:theme="@style/PenAndPDFTheme" >
38-->src\main\AndroidManifest.xml:26:8-45
39            <intent-filter>
39-->src\main\AndroidManifest.xml:31:7-35:23
40                <action android:name="android.intent.action.PICK" />
40-->src\main\AndroidManifest.xml:32:2-54
40-->src\main\AndroidManifest.xml:32:10-51
41                <action android:name="android.intent.action.EDIT" />
41-->src\main\AndroidManifest.xml:33:2-54
41-->src\main\AndroidManifest.xml:33:10-51
42
43                <category android:name="android.intent.category.DEFAULT" />
43-->src\main\AndroidManifest.xml:34:2-61
43-->src\main\AndroidManifest.xml:34:12-58
44            </intent-filter>
45        </activity>
46        <activity
46-->src\main\AndroidManifest.xml:37:5-63:16
47            android:name="com.cgogolin.penandpdf.PenAndPDFActivity"
47-->src\main\AndroidManifest.xml:38:8-40
48            android:alwaysRetainTaskState="true"
48-->src\main\AndroidManifest.xml:42:8-44
49            android:label="@string/app_name"
49-->src\main\AndroidManifest.xml:40:8-40
50            android:launchMode="standard"
50-->src\main\AndroidManifest.xml:41:8-37
51            android:theme="@style/PenAndPDFTheme" >
51-->src\main\AndroidManifest.xml:39:8-45
52            <intent-filter>
52-->src\main\AndroidManifest.xml:44:7-48:23
53                <action android:name="android.intent.action.MAIN" />
53-->src\main\AndroidManifest.xml:45:2-53
53-->src\main\AndroidManifest.xml:45:10-51
54
55                <category android:name="android.intent.category.LAUNCHER" />
55-->src\main\AndroidManifest.xml:46:2-61
55-->src\main\AndroidManifest.xml:46:12-59
56                <category android:name="android.intent.category.MULTIWINDOW_LAUNCHER" />
56-->src\main\AndroidManifest.xml:47:2-74
56-->src\main\AndroidManifest.xml:47:12-71
57            </intent-filter>
58            <intent-filter>
58-->src\main\AndroidManifest.xml:49:7-53:23
59                <action android:name="android.intent.action.VIEW" />
59-->src\main\AndroidManifest.xml:50:10-61
59-->src\main\AndroidManifest.xml:50:18-59
60
61                <category android:name="android.intent.category.DEFAULT" />
61-->src\main\AndroidManifest.xml:34:2-61
61-->src\main\AndroidManifest.xml:34:12-58
62            </intent-filter>
63            <intent-filter>
63-->src\main\AndroidManifest.xml:54:7-62:23
64                <action android:name="android.intent.action.VIEW" />
64-->src\main\AndroidManifest.xml:50:10-61
64-->src\main\AndroidManifest.xml:50:18-59
65
66                <category android:name="android.intent.category.DEFAULT" />
66-->src\main\AndroidManifest.xml:34:2-61
66-->src\main\AndroidManifest.xml:34:12-58
67                <category android:name="android.intent.category.BROWSABLE" />
67-->src\main\AndroidManifest.xml:57:2-62
67-->src\main\AndroidManifest.xml:57:12-60
68
69                <data android:scheme="file" />
69-->src\main\AndroidManifest.xml:58:2-31
69-->src\main\AndroidManifest.xml:58:8-29
70                <data android:mimeType="*/*" />
70-->src\main\AndroidManifest.xml:58:2-31
70-->src\main\AndroidManifest.xml:59:8-30
71                <data android:pathPattern="/.*\\.pdf" />
71-->src\main\AndroidManifest.xml:58:2-31
71-->src\main\AndroidManifest.xml:60:8-39
72                <data android:host="*" />
72-->src\main\AndroidManifest.xml:58:2-31
72-->src\main\AndroidManifest.xml:61:8-24
73            </intent-filter>
74        </activity>
75        <activity
75-->src\main\AndroidManifest.xml:64:5-70:16
76            android:name="com.cgogolin.penandpdf.SettingsActivity"
76-->src\main\AndroidManifest.xml:65:8-39
77            android:label="@string/settings_title"
77-->src\main\AndroidManifest.xml:67:8-46
78            android:launchMode="singleTop"
78-->src\main\AndroidManifest.xml:68:8-38
79            android:theme="@style/PenAndPDFTheme" >
79-->src\main\AndroidManifest.xml:66:8-45
80        </activity>
81        <activity
81-->src\main\AndroidManifest.xml:71:5-77:16
82            android:name="com.cgogolin.penandpdf.PrintDialogActivity"
82-->src\main\AndroidManifest.xml:72:8-42
83            android:label="@string/print"
83-->src\main\AndroidManifest.xml:74:8-37
84            android:launchMode="singleTop"
84-->src\main\AndroidManifest.xml:75:8-38
85            android:theme="@style/PenAndPDFTheme" >
85-->src\main\AndroidManifest.xml:73:8-45
86        </activity>
87
88        <provider
88-->src\main\AndroidManifest.xml:78:5-86:16
89            android:name="androidx.core.content.FileProvider"
89-->src\main\AndroidManifest.xml:79:8-57
90            android:authorities="com.cgogolin.penandpdf.fileprovider"
90-->src\main\AndroidManifest.xml:80:8-65
91            android:exported="false"
91-->src\main\AndroidManifest.xml:82:8-32
92            android:grantUriPermissions="true" >
92-->src\main\AndroidManifest.xml:81:8-42
93            <meta-data
93-->src\main\AndroidManifest.xml:83:7-85:54
94                android:name="android.support.FILE_PROVIDER_PATHS"
94-->src\main\AndroidManifest.xml:84:10-60
95                android:resource="@xml/fileproviderpaths" />
95-->src\main\AndroidManifest.xml:85:10-51
96        </provider>
97        <provider
97-->src\main\AndroidManifest.xml:87:5-97:16
98            android:name="com.cgogolin.penandpdf.PenAndPDFContentProvider"
98-->src\main\AndroidManifest.xml:88:8-70
99            android:authorities="com.cgogolin.penandpdf.PenAndPDFContentProvider"
99-->src\main\AndroidManifest.xml:89:8-77
100            android:enabled="@bool/atLeastKitKat"
100-->src\main\AndroidManifest.xml:93:8-45
101            android:exported="true"
101-->src\main\AndroidManifest.xml:91:8-31
102            android:grantUriPermissions="true"
102-->src\main\AndroidManifest.xml:90:8-42
103            android:permission="android.permission.MANAGE_DOCUMENTS" >
103-->src\main\AndroidManifest.xml:92:8-64
104            <intent-filter>
104-->src\main\AndroidManifest.xml:94:7-96:23
105                <action android:name="android.content.action.DOCUMENTS_PROVIDER" />
105-->src\main\AndroidManifest.xml:95:9-76
105-->src\main\AndroidManifest.xml:95:17-73
106            </intent-filter>
107        </provider>
108
109        <meta-data
109-->src\main\AndroidManifest.xml:98:5-90
110            android:name="com.sec.android.support.multiwindow"
110-->src\main\AndroidManifest.xml:98:16-66
111            android:value="true" />
111-->src\main\AndroidManifest.xml:98:67-87
112        <meta-data
112-->src\main\AndroidManifest.xml:99:5-73
113            android:name="android.max_aspect"
113-->src\main\AndroidManifest.xml:99:16-49
114            android:value="10.0" />
114-->src\main\AndroidManifest.xml:99:50-70
115    </application>
116
117</manifest>